[13:03:57] [main/INFO]: Loading Minecraft 1.21 with Fabric Loader 0.15.11
[13:03:58] [main/INFO]: Loading 4 mods:
	- fabricloader 0.15.11
	   \-- mixinextras 0.3.5
	- java 21
	- minecraft 1.21
[13:03:58] [main/INFO]: SpongePowered MIXIN Subsystem Version=0.8.5 Source=file:/home/c0d3astra/Minecraft_Server/minecraft_dotfile/libraries/net/fabricmc/sponge-mixin/0.13.3+mixin.0.8.5/sponge-mixin-0.13.3+mixin.0.8.5.jar Service=Knot/Fabric Env=SERVER
[13:04:01] [main/INFO]: Environment: Environment[sessionHost=https://sessionserver.mojang.com, servicesHost=https://api.minecraftservices.com, name=PROD]
[13:04:02] [main/INFO]: Loaded 1290 recipes
[13:04:02] [main/INFO]: Loaded 1399 advancements
[13:04:03] [Server thread/INFO]: Starting minecraft server version 1.21
[13:04:03] [Server thread/INFO]: Loading properties
[13:04:03] [Server thread/INFO]: Default game type: SURVIVAL
[13:04:03] [Server thread/INFO]: Generating keypair
[13:04:03] [Server thread/INFO]: Starting Minecraft server on *:25565
[13:04:03] [Server thread/INFO]: Using epoll channel type
[13:04:03] [Server thread/WARN]: **** SERVER IS RUNNING IN OFFLINE/INSECURE MODE!
[13:04:03] [Server thread/WARN]: The server will make no attempt to authenticate usernames. Beware.
[13:04:03] [Server thread/WARN]: While this makes the game possible to play without internet access, it also opens up the ability for hackers to connect with any username they choose.
[13:04:03] [Server thread/WARN]: To change this, set "online-mode" to "true" in the server.properties file.
[13:04:03] [Server thread/INFO]: Preparing level "world"
[13:04:04] [Server thread/INFO]: Preparing start region for dimension minecraft:overworld
[13:04:04] [Worker-Main-8/INFO]: Preparing spawn area: 0%
[13:04:04] [Server thread/INFO]: Time elapsed: 306 ms
[13:04:04] [Server thread/INFO]: Done (1.124s)! For help, type "help"
[13:10:06] [Server thread/INFO]: Unknown or incomplete command, see below for error
[13:10:06] [Server thread/INFO]: <--[HERE]
[13:59:00] [Server thread/INFO]: Nothing changed. The player isn't banned
[13:59:48] [Server thread/INFO]: daddiji1.1[/192.168.52.168:56698] logged in with entity id 2 at (-27.140654740847246, 100.37500084936585, -554.4290964880537)
[13:59:48] [Server thread/INFO]: daddiji1.1 joined the game
[14:01:26] [Server thread/INFO]: Unknown or incomplete command, see below for error
[14:01:26] [Server thread/INFO]: <--[HERE]
[14:01:26] [Server thread/INFO]: Unknown or incomplete command, see below for error
[14:01:26] [Server thread/INFO]: <--[HERE]
[14:01:37] [Server thread/INFO]: Teleported daddiji1.1 to 0.500000, 0.000000, 0.500000
[14:01:55] [Server thread/INFO]: Unknown or incomplete command, see below for error
[14:01:55] [Server thread/INFO]: set time day<--[HERE]
[14:01:58] [Server thread/INFO]: Expected float
[14:01:58] [Server thread/INFO]: time set da<--[HERE]
[14:02:04] [Server thread/INFO]: Incorrect argument for command
[14:02:04] [Server thread/INFO]: time sat day <--[HERE]
[14:02:09] [Server thread/INFO]: Set the time to 1000
[14:02:24] [Server thread/INFO]: daddiji1.1 lost connection: Disconnected
[14:02:24] [Server thread/INFO]: daddiji1.1 left the game
[14:02:31] [Server thread/INFO]: daddiji1.1[/192.168.52.168:56719] logged in with entity id 3 at (15.044235533267662, 69.3754286591452, 5.06348441345755)
[14:02:31] [Server thread/INFO]: daddiji1.1 joined the game
[14:02:41] [Server thread/INFO]: [daddiji1.1: Set own game mode to Survival Mode]
[14:11:06] [Server thread/INFO]: daddiji1.1 has made the advancement [What a Deal!]
[14:13:39] [Server thread/INFO]: Villager class_1646['Fisherman'/1102, l='ServerLevel[world]', x=-139.50, y=87.00, z=-415.94] died, message: 'Fisherman was slain by Zombie'
[14:15:55] [Server thread/INFO]: No entity was found
[14:16:02] [Server thread/INFO]: Unknown or incomplete command, see below for error
[14:16:02] [Server thread/INFO]: [A[Akill daddiji1<--[HERE]
[14:16:06] [Server thread/INFO]: No entity was found
[14:16:08] [Server thread/INFO]: Unknown or incomplete command, see below for error
[14:16:08] [Server thread/INFO]: <--[HERE]
[14:16:13] [Server thread/INFO]: daddiji1.1 was killed
[14:16:13] [Server thread/INFO]: Killed daddiji1.1
[14:16:32] [Server thread/INFO]: [daddiji1.1: Set own game mode to Survival Mode]
[14:16:58] [Server thread/INFO]: Unknown or incomplete command, see below for error
[14:16:58] [Server thread/INFO]: kkill daddiji1.1<--[HERE]
[14:17:07] [Server thread/INFO]: Removed 322 item(s) from player daddiji1.1
[14:18:27] [Server thread/INFO]: Villager class_1646['Fisherman'/6391, l='ServerLevel[world]', x=-162.08, y=78.50, z=-419.70] died, message: 'Fisherman was slain by Zombie'
[14:19:28] [Server thread/INFO]: Unknown or incomplete command, see below for error
[14:19:28] [Server thread/INFO]: [A[A[A[A[A[B[B<--[HERE]
[14:19:37] [Server thread/INFO]: daddiji1.1 was killed
[14:19:37] [Server thread/INFO]: Killed daddiji1.1
[14:19:57] [Server thread/INFO]: [daddiji1.1: Set own game mode to Survival Mode]
[14:21:39] [Server thread/INFO]: Villager class_1646['Fisherman'/8388, l='ServerLevel[world]', x=-175.57, y=68.94, z=-416.70] died, message: 'Fisherman burned to death'
[14:22:15] [Server thread/INFO]: daddiji1.1 lost connection: Disconnected
[14:22:15] [Server thread/INFO]: daddiji1.1 left the game
[14:23:34] [Server thread/INFO]: daddiji1.1[/192.168.52.168:61870] logged in with entity id 10221 at (-205.31859644120672, 62.11076431274414, -206.69102165455573)
[14:23:34] [Server thread/INFO]: daddiji1.1 joined the game
[14:36:48] [Server thread/INFO]: Villager class_1646['Villager'/10483, l='ServerLevel[world]', x=-200.36, y=84.19, z=-411.66] died, message: 'Villager was slain by Zombie'
[14:36:54] [Server thread/INFO]: Villager class_1646['Villager'/10482, l='ServerLevel[world]', x=-200.41, y=84.19, z=-412.46] died, message: 'Villager was slain by Zombie Villager'
[14:49:36] [Server thread/INFO]: Villager class_1646['Toolsmith'/10474, l='ServerLevel[world]', x=-177.20, y=68.00, z=-434.18] died, message: 'Toolsmith was slain by Zombie'
[14:53:56] [Server thread/INFO]: An entity is required to run this command here
[14:54:11] [Server thread/INFO]: Teleported daddiji1.1 to -199.500000, 84.000000, -410.500000
[14:54:11] [Server thread/WARN]: daddiji1.1 moved too quickly! -32.32169193293913,8.0,6.034830476974605
[14:56:09] [Server thread/INFO]: Stopping the server
[14:56:09] [Server thread/INFO]: Stopping server
[14:56:09] [Server thread/INFO]: Saving players
[14:56:09] [Server thread/INFO]: daddiji1.1 lost connection: Server closed
[14:56:09] [Server thread/INFO]: daddiji1.1 left the game
[14:56:09] [Server thread/INFO]: Saving worlds
[14:56:09] [Server thread/INFO]: Saving chunks for level 'ServerLevel[world]'/minecraft:overworld
[14:56:10] [Server thread/INFO]: Saving chunks for level 'ServerLevel[world]'/minecraft:the_nether
[14:56:10] [Server thread/INFO]: Saving chunks for level 'ServerLevel[world]'/minecraft:the_end
[14:56:10] [Server thread/INFO]: ThreadedAnvilChunkStorage (world): All chunks are saved
[14:56:10] [Server thread/INFO]: ThreadedAnvilChunkStorage (DIM-1): All chunks are saved
[14:56:10] [Server thread/INFO]: ThreadedAnvilChunkStorage (DIM1): All chunks are saved
[14:56:10] [Server thread/INFO]: ThreadedAnvilChunkStorage: All dimensions are saved
